<?xml version="1.0" encoding="UTF-8"?><testsuites>
  <testsuite name="one.tftest.hcl" tests="1" skipped="0" failures="0" errors="0">
    <testcase name="validate_test_resource" classname="one.tftest.hcl" time="TIME_REDACTED" timestamp="TIMESTAMP_REDACTED"></testcase>
  </testsuite>
  <testsuite name="two.tftest.hcl" tests="1" skipped="0" failures="0" errors="0">
    <testcase name="validate_test_resource" classname="two.tftest.hcl" time="TIME_REDACTED" timestamp="TIMESTAMP_REDACTED"></testcase>
  </testsuite>
</testsuites>